<?xml version="1.0" encoding="UTF-8"?>
<coverage generated="1371579564">
  <project timestamp="1371579564">
    <file name="/Users/smithm5/Documents/dev/dom/src/lib/TrueAction/Dom/Document.php">
      <class name="TrueAction_Dom_Document" namespace="global" fullPackage="TrueAction.Dom">
        <metrics methods="4" coveredmethods="4" conditionals="0" coveredconditionals="0" statements="45" coveredstatements="45" elements="49" coveredelements="49"/>
      </class>
      <line num="8" type="method" name="__construct" crap="1" count="21"/>
      <line num="10" type="stmt" count="21"/>
      <line num="11" type="stmt" count="21"/>
      <line num="12" type="stmt" count="21"/>
      <line num="14" type="stmt" count="21"/>
      <line num="15" type="stmt" count="21"/>
      <line num="27" type="method" name="addElement" crap="3" count="7"/>
      <line num="29" type="stmt" count="7"/>
      <line num="30" type="stmt" count="1"/>
      <line num="32" type="stmt" count="7"/>
      <line num="33" type="stmt" count="7"/>
      <line num="34" type="stmt" count="2"/>
      <line num="35" type="stmt" count="2"/>
      <line num="37" type="stmt" count="7"/>
      <line num="47" type="method" name="createElement" crap="2" count="14"/>
      <line num="50" type="stmt" count="14"/>
      <line num="51" type="stmt" count="14"/>
      <line num="52" type="stmt" count="2"/>
      <line num="55" type="stmt" count="2"/>
      <line num="56" type="stmt" count="2"/>
      <line num="58" type="stmt" count="14"/>
      <line num="77" type="method" name="setNode" crap="11" count="5"/>
      <line num="79" type="stmt" count="5"/>
      <line num="80" type="stmt" count="5"/>
      <line num="81" type="stmt" count="5"/>
      <line num="83" type="stmt" count="5"/>
      <line num="84" type="stmt" count="5"/>
      <line num="86" type="stmt" count="5"/>
      <line num="87" type="stmt" count="5"/>
      <line num="88" type="stmt" count="3"/>
      <line num="90" type="stmt" count="2"/>
      <line num="91" type="stmt" count="2"/>
      <line num="92" type="stmt" count="2"/>
      <line num="96" type="stmt" count="1"/>
      <line num="98" type="stmt" count="1"/>
      <line num="99" type="stmt" count="1"/>
      <line num="100" type="stmt" count="3"/>
      <line num="101" type="stmt" count="3"/>
      <line num="102" type="stmt" count="2"/>
      <line num="103" type="stmt" count="2"/>
      <line num="104" type="stmt" count="1"/>
      <line num="105" type="stmt" count="1"/>
      <line num="106" type="stmt" count="1"/>
      <line num="108" type="stmt" count="1"/>
      <line num="109" type="stmt" count="2"/>
      <line num="111" type="stmt" count="2"/>
      <line num="112" type="stmt" count="2"/>
      <line num="114" type="stmt" count="5"/>
      <line num="115" type="stmt" count="5"/>
      <metrics loc="117" ncloc="66" classes="1" methods="4" coveredmethods="4" conditionals="0" coveredconditionals="0" statements="45" coveredstatements="45" elements="49" coveredelements="49"/>
    </file>
    <file name="/Users/smithm5/Documents/dev/dom/src/lib/TrueAction/Dom/Element.php">
      <class name="TrueAction_Dom_Element" namespace="global" fullPackage="TrueAction.Dom">
        <metrics methods="6" coveredmethods="6" conditionals="0" coveredconditionals="0" statements="46" coveredstatements="46" elements="52" coveredelements="52"/>
      </class>
      <line num="12" type="method" name="addChild" crap="1" count="1"/>
      <line num="14" type="stmt" count="1"/>
      <line num="15" type="stmt" count="1"/>
      <line num="29" type="method" name="createChild" crap="2" count="11"/>
      <line num="31" type="stmt" count="11"/>
      <line num="32" type="stmt" count="11"/>
      <line num="33" type="stmt" count="11"/>
      <line num="34" type="stmt" count="8"/>
      <line num="35" type="stmt" count="8"/>
      <line num="36" type="stmt" count="11"/>
      <line num="54" type="method" name="setNode" crap="7" count="4"/>
      <line num="56" type="stmt" count="4"/>
      <line num="57" type="stmt" count="4"/>
      <line num="58" type="stmt" count="4"/>
      <line num="59" type="stmt" count="4"/>
      <line num="60" type="stmt" count="4"/>
      <line num="62" type="stmt" count="1"/>
      <line num="64" type="stmt" count="4"/>
      <line num="65" type="stmt" count="4"/>
      <line num="66" type="stmt" count="3"/>
      <line num="69" type="stmt" count="3"/>
      <line num="70" type="stmt" count="1"/>
      <line num="71" type="stmt" count="1"/>
      <line num="72" type="stmt" count="1"/>
      <line num="73" type="stmt" count="1"/>
      <line num="74" type="stmt" count="1"/>
      <line num="75" type="stmt" count="1"/>
      <line num="76" type="stmt" count="1"/>
      <line num="77" type="stmt" count="1"/>
      <line num="78" type="stmt" count="2"/>
      <line num="80" type="stmt" count="3"/>
      <line num="81" type="stmt" count="2"/>
      <line num="83" type="stmt" count="3"/>
      <line num="84" type="stmt" count="4"/>
      <line num="85" type="stmt" count="4"/>
      <line num="86" type="stmt" count="4"/>
      <line num="88" type="stmt" count="4"/>
      <line num="89" type="stmt" count="4"/>
      <line num="101" type="method" name="setAttribute" crap="1" count="2"/>
      <line num="103" type="stmt" count="2"/>
      <line num="104" type="stmt" count="2"/>
      <line num="105" type="stmt" count="2"/>
      <line num="113" type="method" name="addAttribute" crap="1" count="1"/>
      <line num="115" type="stmt" count="1"/>
      <line num="116" type="stmt" count="1"/>
      <line num="124" type="method" name="addAttributes" crap="3" count="12"/>
      <line num="126" type="stmt" count="12"/>
      <line num="127" type="stmt" count="5"/>
      <line num="128" type="stmt" count="5"/>
      <line num="129" type="stmt" count="5"/>
      <line num="130" type="stmt" count="5"/>
      <line num="131" type="stmt" count="12"/>
      <metrics loc="133" ncloc="75" classes="1" methods="6" coveredmethods="6" conditionals="0" coveredconditionals="0" statements="46" coveredstatements="46" elements="52" coveredelements="52"/>
    </file>
    <file name="/Users/smithm5/Documents/dev/dom/src/lib/TrueAction/Dom/Helper.php">
      <class name="TrueAction_Dom_Helper" namespace="global" fullPackage="TrueAction.Dom">
        <metrics methods="1" coveredmethods="1" conditionals="0" coveredconditionals="0" statements="1" coveredstatements="1" elements="2" coveredelements="2"/>
      </class>
      <line num="4" type="method" name="coerceValue" crap="2" count="11"/>
      <line num="6" type="stmt" count="11"/>
      <metrics loc="8" ncloc="8" classes="1" methods="1" coveredmethods="1" conditionals="0" coveredconditionals="0" statements="1" coveredstatements="1" elements="2" coveredelements="2"/>
    </file>
    <metrics files="3" loc="258" ncloc="149" classes="3" methods="11" coveredmethods="11" conditionals="0" coveredconditionals="0" statements="92" coveredstatements="92" elements="103" coveredelements="103"/>
  </project>
</coverage>
